1530029439.642385 client started (9864): version 2.7, socket /tmp//tmux-1000/default, protocol 8
1530029439.642456 on Linux 4.17.2-1-ARCH #1 SMP PREEMPT Sat Jun 16 11:08:59 UTC 2018; libevent 2.1.8-stable (poll)
1530029439.642536 socket is /tmp//tmux-1000/default
1530029439.642565 trying connect
1530029439.642733 add peer 0x560b274fbc20: 6 ((nil))
1530029439.642869 sending message 100 to peer 0x560b274fbc20 (4 bytes)
1530029439.642893 sending message 101 to peer 0x560b274fbc20 (16 bytes)
1530029439.642907 sending message 102 to peer 0x560b274fbc20 (11 bytes)
1530029439.642920 sending message 108 to peer 0x560b274fbc20 (30 bytes)
1530029439.642935 sending message 104 to peer 0x560b274fbc20 (0 bytes)
1530029439.642950 sending message 107 to peer 0x560b274fbc20 (4 bytes)
1530029439.642969 sending message 105 to peer 0x560b274fbc20 (20 bytes)
1530029439.642982 sending message 105 to peer 0x560b274fbc20 (54 bytes)
1530029439.642995 sending message 105 to peer 0x560b274fbc20 (11 bytes)
1530029439.643007 sending message 105 to peer 0x560b274fbc20 (35 bytes)
1530029439.643019 sending message 105 to peer 0x560b274fbc20 (32 bytes)
1530029439.643031 sending message 105 to peer 0x560b274fbc20 (17 bytes)
1530029439.643043 sending message 105 to peer 0x560b274fbc20 (47 bytes)
1530029439.643055 sending message 105 to peer 0x560b274fbc20 (23 bytes)
1530029439.643067 sending message 105 to peer 0x560b274fbc20 (17 bytes)
1530029439.643080 sending message 105 to peer 0x560b274fbc20 (14 bytes)
1530029439.643092 sending message 105 to peer 0x560b274fbc20 (27 bytes)
1530029439.643104 sending message 105 to peer 0x560b274fbc20 (41 bytes)
1530029439.643117 sending message 105 to peer 0x560b274fbc20 (37 bytes)
1530029439.643130 sending message 105 to peer 0x560b274fbc20 (282 bytes)
1530029439.643148 sending message 105 to peer 0x560b274fbc20 (32 bytes)
1530029439.643161 sending message 105 to peer 0x560b274fbc20 (34 bytes)
1530029439.643173 sending message 105 to peer 0x560b274fbc20 (21 bytes)
1530029439.643185 sending message 105 to peer 0x560b274fbc20 (19 bytes)
1530029439.643196 sending message 105 to peer 0x560b274fbc20 (8 bytes)
1530029439.643208 sending message 105 to peer 0x560b274fbc20 (21 bytes)
1530029439.643220 sending message 105 to peer 0x560b274fbc20 (37 bytes)
1530029439.643231 sending message 105 to peer 0x560b274fbc20 (13 bytes)
1530029439.643243 sending message 105 to peer 0x560b274fbc20 (11 bytes)
1530029439.643254 sending message 105 to peer 0x560b274fbc20 (17 bytes)
1530029439.643266 sending message 105 to peer 0x560b274fbc20 (18 bytes)
1530029439.643277 sending message 105 to peer 0x560b274fbc20 (13 bytes)
1530029439.643289 sending message 105 to peer 0x560b274fbc20 (35 bytes)
1530029439.643301 sending message 105 to peer 0x560b274fbc20 (31 bytes)
1530029439.643312 sending message 105 to peer 0x560b274fbc20 (15 bytes)
1530029439.643324 sending message 105 to peer 0x560b274fbc20 (18 bytes)
1530029439.643342 sending message 105 to peer 0x560b274fbc20 (11 bytes)
1530029439.643354 sending message 105 to peer 0x560b274fbc20 (31 bytes)
1530029439.643366 sending message 105 to peer 0x560b274fbc20 (31 bytes)
1530029439.643378 sending message 105 to peer 0x560b274fbc20 (27 bytes)
1530029439.643389 sending message 105 to peer 0x560b274fbc20 (11 bytes)
1530029439.643401 sending message 105 to peer 0x560b274fbc20 (8 bytes)
1530029439.643412 sending message 105 to peer 0x560b274fbc20 (21 bytes)
1530029439.643423 sending message 105 to peer 0x560b274fbc20 (32 bytes)
1530029439.643435 sending message 105 to peer 0x560b274fbc20 (1516 bytes)
1530029439.643472 sending message 105 to peer 0x560b274fbc20 (16 bytes)
1530029439.643487 sending message 106 to peer 0x560b274fbc20 (0 bytes)
1530029439.643500 sending message 200 to peer 0x560b274fbc20 (4 bytes)
1530029439.643512 client loop enter
1530029439.650547 peer 0x560b274fbc20 message 211
1530029439.650585 client_write: sessions should be nested with care, unset $TMUX to force\n
1530029439.650622 peer 0x560b274fbc20 message 203
1530029439.650639 client loop exit
