writeCommonTags: couldn't write 'year' tag to 'I'm Yours  - Jason Mraz (Lyrics included).m4a' as it's not a positive integer
writeCommonTags: couldn't write 'track' tag to 'I'm Yours  - Jason Mraz (Lyrics included).m4a' as it's not a positive integer
writeCommonTags: couldn't write 'year' tag to 'Barış Manço - Lady Of The Seventh Sky (16_9 Orijinal Klip).m4a' as it's not a positive integer
writeCommonTags: couldn't write 'track' tag to 'Barış Manço - Lady Of The Seventh Sky (16_9 Orijinal Klip).m4a' as it's not a positive integer
writeCommonTags: couldn't write 'year' tag to 'The Hobbit - The Battle Of The Five Armies - Billy Boyd - The Last Goodbye - Official Music Video.m4a' as it's not a positive integer
writeCommonTags: couldn't write 'track' tag to 'The Hobbit - The Battle Of The Five Armies - Billy Boyd - The Last Goodbye - Official Music Video.m4a' as it's not a positive integer
writeCommonTags: couldn't write 'year' tag to 'Green Day - American Idiot lyrics [1080p].m4a' as it's not a positive integer
writeCommonTags: couldn't write 'track' tag to 'Green Day - American Idiot lyrics [1080p].m4a' as it's not a positive integer
writeCommonTags: couldn't write 'year' tag to 'Eminem - Space Bound [HQ + Lyrics].m4a' as it's not a positive integer
writeCommonTags: couldn't write 'track' tag to 'Eminem - Space Bound [HQ + Lyrics].m4a' as it's not a positive integer
writeCommonTags: couldn't write 'year' tag to 'Eypio feat. Burak King - #Sen (Official Audio).m4a' as it's not a positive integer
writeCommonTags: couldn't write 'track' tag to 'Eypio feat. Burak King - #Sen (Official Audio).m4a' as it's not a positive integer
writeCommonTags: couldn't write 'year' tag to 'Onur Can Özcan - Kibrit.m4a' as it's not a positive integer
writeCommonTags: couldn't write 'track' tag to 'Onur Can Özcan - Kibrit.m4a' as it's not a positive integer
writeCommonTags: couldn't write 'year' tag to 'Elif Dedim (Elif Türküsü).m4a' as it's not a positive integer
writeCommonTags: couldn't write 'track' tag to 'Elif Dedim (Elif Türküsü).m4a' as it's not a positive integer
writeCommonTags: couldn't write 'year' tag to 'Jar of Hearts -  Christina Perri (Lyrics).m4a' as it's not a positive integer
writeCommonTags: couldn't write 'track' tag to 'Jar of Hearts -  Christina Perri (Lyrics).m4a' as it's not a positive integer
writeCommonTags: couldn't write 'year' tag to 'Pera - Vazgeçtim (Sezen Aksu Cover).m4a' as it's not a positive integer
writeCommonTags: couldn't write 'track' tag to 'Pera - Vazgeçtim (Sezen Aksu Cover).m4a' as it's not a positive integer
writeCommonTags: couldn't write 'year' tag to 'Pera feat. Toygar Işıklı - Unut (Official Video).m4a' as it's not a positive integer
writeCommonTags: couldn't write 'track' tag to 'Pera feat. Toygar Işıklı - Unut (Official Video).m4a' as it's not a positive integer
writeCommonTags: couldn't write 'year' tag to 'Maroon 5 - She Will Be Loved.m4a' as it's not a positive integer
writeCommonTags: couldn't write 'track' tag to 'Maroon 5 - She Will Be Loved.m4a' as it's not a positive integer
writeCommonTags: couldn't write 'year' tag to 'Doğukan Manço feat. Emre Altuğ - Söyle Zalim Sultan.m4a' as it's not a positive integer
writeCommonTags: couldn't write 'track' tag to 'Doğukan Manço feat. Emre Altuğ - Söyle Zalim Sultan.m4a' as it's not a positive integer
writeCommonTags: couldn't write 'year' tag to 'David Bowie - Space Oddity.m4a' as it's not a positive integer
writeCommonTags: couldn't write 'track' tag to 'David Bowie - Space Oddity.m4a' as it's not a positive integer
writeCommonTags: couldn't write 'year' tag to 'David Bowie - Starman.m4a' as it's not a positive integer
writeCommonTags: couldn't write 'track' tag to 'David Bowie - Starman.m4a' as it's not a positive integer
writeCommonTags: couldn't write 'year' tag to 'David Bowie – Life On Mars (Official Video).m4a' as it's not a positive integer
writeCommonTags: couldn't write 'track' tag to 'David Bowie – Life On Mars (Official Video).m4a' as it's not a positive integer
writeCommonTags: couldn't write 'year' tag to 'The Rolling Stones - Paint It, Black (Official Lyric Video).m4a' as it's not a positive integer
writeCommonTags: couldn't write 'track' tag to 'The Rolling Stones - Paint It, Black (Official Lyric Video).m4a' as it's not a positive integer
writeCommonTags: couldn't write 'year' tag to 'Zager and Evans - In The Year 2525.m4a' as it's not a positive integer
writeCommonTags: couldn't write 'track' tag to 'Zager and Evans - In The Year 2525.m4a' as it's not a positive integer
writeCommonTags: couldn't write 'year' tag to 'LSD - Thunderclouds (Official Audio) ft. Sia, Diplo, Labrinth.m4a' as it's not a positive integer
writeCommonTags: couldn't write 'track' tag to 'LSD - Thunderclouds (Official Audio) ft. Sia, Diplo, Labrinth.m4a' as it's not a positive integer
writeCommonTags: couldn't write 'year' tag to '이글스 (Eagles) - Desperado.m4a' as it's not a positive integer
writeCommonTags: couldn't write 'track' tag to '이글스 (Eagles) - Desperado.m4a' as it's not a positive integer
writeCommonTags: couldn't write 'year' tag to 'Cat Stevens - Lady D'Arbanville.m4a' as it's not a positive integer
writeCommonTags: couldn't write 'track' tag to 'Cat Stevens - Lady D'Arbanville.m4a' as it's not a positive integer
writeCommonTags: couldn't write 'year' tag to 'Eagles - Hotel California (Lyrics).m4a' as it's not a positive integer
writeCommonTags: couldn't write 'track' tag to 'Eagles - Hotel California (Lyrics).m4a' as it's not a positive integer
writeCommonTags: couldn't write 'year' tag to 'One of These Nights - Eagles.m4a' as it's not a positive integer
writeCommonTags: couldn't write 'track' tag to 'One of These Nights - Eagles.m4a' as it's not a positive integer
writeCommonTags: couldn't write 'year' tag to 'Audioslave - Like a Stone (Official Video).m4a' as it's not a positive integer
writeCommonTags: couldn't write 'track' tag to 'Audioslave - Like a Stone (Official Video).m4a' as it's not a positive integer
writeCommonTags: couldn't write 'year' tag to 'Ahmet Kaya - Doruklara Sevdalandim.m4a' as it's not a positive integer
writeCommonTags: couldn't write 'track' tag to 'Ahmet Kaya - Doruklara Sevdalandim.m4a' as it's not a positive integer
writeCommonTags: couldn't write 'year' tag to 'Ahmet Kaya - Yakarım Geceleri.m4a' as it's not a positive integer
writeCommonTags: couldn't write 'track' tag to 'Ahmet Kaya - Yakarım Geceleri.m4a' as it's not a positive integer
writeCommonTags: couldn't write 'year' tag to 'Garbage - Not Your Kind of People.m4a' as it's not a positive integer
writeCommonTags: couldn't write 'track' tag to 'Garbage - Not Your Kind of People.m4a' as it's not a positive integer
writeCommonTags: couldn't write 'year' tag to 'Snake Eater (Live at Symphony Hall).m4a' as it's not a positive integer
writeCommonTags: couldn't write 'track' tag to 'Snake Eater (Live at Symphony Hall).m4a' as it's not a positive integer
writeCommonTags: couldn't write 'year' tag to 'Soundgarden - Black Hole Sun.m4a' as it's not a positive integer
writeCommonTags: couldn't write 'track' tag to 'Soundgarden - Black Hole Sun.m4a' as it's not a positive integer
writeCommonTags: couldn't write 'year' tag to 'Chris Cornell 'Nothing Compares 2 U' Prince Cover Live @ SiriusXM _ Lithium.m4a' as it's not a positive integer
writeCommonTags: couldn't write 'track' tag to 'Chris Cornell 'Nothing Compares 2 U' Prince Cover Live @ SiriusXM _ Lithium.m4a' as it's not a positive integer
writeCommonTags: couldn't write 'year' tag to 'Colonel Bagshot - Lord High Human Being.m4a' as it's not a positive integer
writeCommonTags: couldn't write 'track' tag to 'Colonel Bagshot - Lord High Human Being.m4a' as it's not a positive integer
writeCommonTags: couldn't write 'year' tag to 'Colonel Bagshot ~ Six Day War (1971).m4a' as it's not a positive integer
writeCommonTags: couldn't write 'track' tag to 'Colonel Bagshot ~ Six Day War (1971).m4a' as it's not a positive integer
writeCommonTags: couldn't write 'year' tag to 'Lana Del Rey - 13 Beaches.m4a' as it's not a positive integer
writeCommonTags: couldn't write 'track' tag to 'Lana Del Rey - 13 Beaches.m4a' as it's not a positive integer
writeCommonTags: couldn't write 'year' tag to 'Joan Baez ~ Donna, Donna.m4a' as it's not a positive integer
writeCommonTags: couldn't write 'track' tag to 'Joan Baez ~ Donna, Donna.m4a' as it's not a positive integer
writeCommonTags: couldn't write 'year' tag to 'Joan Baez - Here's to you, Nicola and Bart.m4a' as it's not a positive integer
writeCommonTags: couldn't write 'track' tag to 'Joan Baez - Here's to you, Nicola and Bart.m4a' as it's not a positive integer
writeCommonTags: couldn't write 'year' tag to 'Lana Del Rey - Mariners Apartment Complex.m4a' as it's not a positive integer
writeCommonTags: couldn't write 'track' tag to 'Lana Del Rey - Mariners Apartment Complex.m4a' as it's not a positive integer
writeCommonTags: couldn't write 'year' tag to 'Bobby Caldwell - What You Won't Do for Love (Album Version).m4a' as it's not a positive integer
writeCommonTags: couldn't write 'track' tag to 'Bobby Caldwell - What You Won't Do for Love (Album Version).m4a' as it's not a positive integer
writeCommonTags: couldn't write 'year' tag to 'Chris Cornell - The Promise (Official Video).m4a' as it's not a positive integer
writeCommonTags: couldn't write 'track' tag to 'Chris Cornell - The Promise (Official Video).m4a' as it's not a positive integer
writeCommonTags: couldn't write 'year' tag to 'Ezhel - Felaket (Official Audio).m4a' as it's not a positive integer
writeCommonTags: couldn't write 'track' tag to 'Ezhel - Felaket (Official Audio).m4a' as it's not a positive integer
writeCommonTags: couldn't write 'year' tag to 'Gökçe Özgül - Mihriban.m4a' as it's not a positive integer
writeCommonTags: couldn't write 'track' tag to 'Gökçe Özgül - Mihriban.m4a' as it's not a positive integer
writeCommonTags: couldn't write 'year' tag to 'Gökçe Özgül - Mihriban.m4a' as it's not a positive integer
writeCommonTags: couldn't write 'track' tag to 'Gökçe Özgül - Mihriban.m4a' as it's not a positive integer
writeCommonTags: couldn't write 'year' tag to 'Gökçe Özgül - Mihriban.m4a' as it's not a positive integer
writeCommonTags: couldn't write 'track' tag to 'Gökçe Özgül - Mihriban.m4a' as it's not a positive integer
writeCommonTags: couldn't write 'year' tag to 'Chris Cornell - Scream (Acoustic).m4a' as it's not a positive integer
writeCommonTags: couldn't write 'track' tag to 'Chris Cornell - Scream (Acoustic).m4a' as it's not a positive integer
writeCommonTags: couldn't write 'year' tag to 'Ahmet Kaya - Doruklara Sevdalandim.m4a' as it's not a positive integer
writeCommonTags: couldn't write 'track' tag to 'Ahmet Kaya - Doruklara Sevdalandim.m4a' as it's not a positive integer
writeCommonTags: couldn't write 'year' tag to 'Ahmet Kaya - Yakarım Geceleri.m4a' as it's not a positive integer
writeCommonTags: couldn't write 'track' tag to 'Ahmet Kaya - Yakarım Geceleri.m4a' as it's not a positive integer
writeCommonTags: couldn't write 'year' tag to 'Audioslave - Like a Stone (Official Video).m4a' as it's not a positive integer
writeCommonTags: couldn't write 'track' tag to 'Audioslave - Like a Stone (Official Video).m4a' as it's not a positive integer
writeCommonTags: couldn't write 'year' tag to 'Barış Manço - Lady Of The Seventh Sky (16_9 Orijinal Klip).m4a' as it's not a positive integer
writeCommonTags: couldn't write 'track' tag to 'Barış Manço - Lady Of The Seventh Sky (16_9 Orijinal Klip).m4a' as it's not a positive integer
writeCommonTags: couldn't write 'year' tag to 'Bobby Caldwell - What You Won't Do for Love (Album Version).m4a' as it's not a positive integer
writeCommonTags: couldn't write 'track' tag to 'Bobby Caldwell - What You Won't Do for Love (Album Version).m4a' as it's not a positive integer
writeCommonTags: couldn't write 'year' tag to 'Cat Stevens - Lady D'Arbanville.m4a' as it's not a positive integer
writeCommonTags: couldn't write 'track' tag to 'Cat Stevens - Lady D'Arbanville.m4a' as it's not a positive integer
writeCommonTags: couldn't write 'year' tag to 'Chris Cornell - Scream (Acoustic).m4a' as it's not a positive integer
writeCommonTags: couldn't write 'track' tag to 'Chris Cornell - Scream (Acoustic).m4a' as it's not a positive integer
writeCommonTags: couldn't write 'year' tag to 'Chris Cornell - The Promise (Official Video).m4a' as it's not a positive integer
writeCommonTags: couldn't write 'track' tag to 'Chris Cornell - The Promise (Official Video).m4a' as it's not a positive integer
writeCommonTags: couldn't write 'year' tag to 'Chris Cornell 'Nothing Compares 2 U' Prince Cover Live @ SiriusXM _ Lithium.m4a' as it's not a positive integer
writeCommonTags: couldn't write 'track' tag to 'Chris Cornell 'Nothing Compares 2 U' Prince Cover Live @ SiriusXM _ Lithium.m4a' as it's not a positive integer
writeCommonTags: couldn't write 'year' tag to 'Colonel Bagshot - Lord High Human Being.m4a' as it's not a positive integer
writeCommonTags: couldn't write 'track' tag to 'Colonel Bagshot - Lord High Human Being.m4a' as it's not a positive integer
writeCommonTags: couldn't write 'year' tag to 'Colonel Bagshot ~ Six Day War (1971).m4a' as it's not a positive integer
writeCommonTags: couldn't write 'track' tag to 'Colonel Bagshot ~ Six Day War (1971).m4a' as it's not a positive integer
writeCommonTags: couldn't write 'year' tag to 'David Bowie - Space Oddity.m4a' as it's not a positive integer
writeCommonTags: couldn't write 'track' tag to 'David Bowie - Space Oddity.m4a' as it's not a positive integer
writeCommonTags: couldn't write 'year' tag to 'David Bowie - Starman.m4a' as it's not a positive integer
writeCommonTags: couldn't write 'track' tag to 'David Bowie - Starman.m4a' as it's not a positive integer
writeCommonTags: couldn't write 'year' tag to 'David Bowie – Life On Mars (Official Video).m4a' as it's not a positive integer
writeCommonTags: couldn't write 'track' tag to 'David Bowie – Life On Mars (Official Video).m4a' as it's not a positive integer
writeCommonTags: couldn't write 'year' tag to 'Doğukan Manço feat. Emre Altuğ - Söyle Zalim Sultan.m4a' as it's not a positive integer
writeCommonTags: couldn't write 'track' tag to 'Doğukan Manço feat. Emre Altuğ - Söyle Zalim Sultan.m4a' as it's not a positive integer
writeCommonTags: couldn't write 'year' tag to 'Eagles - Hotel California (Lyrics).m4a' as it's not a positive integer
writeCommonTags: couldn't write 'track' tag to 'Eagles - Hotel California (Lyrics).m4a' as it's not a positive integer
writeCommonTags: couldn't write 'year' tag to 'Elif Dedim (Elif Türküsü).m4a' as it's not a positive integer
writeCommonTags: couldn't write 'track' tag to 'Elif Dedim (Elif Türküsü).m4a' as it's not a positive integer
writeCommonTags: couldn't write 'year' tag to 'Eminem - Space Bound [HQ + Lyrics].m4a' as it's not a positive integer
writeCommonTags: couldn't write 'track' tag to 'Eminem - Space Bound [HQ + Lyrics].m4a' as it's not a positive integer
writeCommonTags: couldn't write 'year' tag to 'Eypio feat. Burak King - #Sen (Official Audio).m4a' as it's not a positive integer
writeCommonTags: couldn't write 'track' tag to 'Eypio feat. Burak King - #Sen (Official Audio).m4a' as it's not a positive integer
writeCommonTags: couldn't write 'year' tag to 'Ezhel - Felaket (Official Audio).m4a' as it's not a positive integer
writeCommonTags: couldn't write 'track' tag to 'Ezhel - Felaket (Official Audio).m4a' as it's not a positive integer
writeCommonTags: couldn't write 'year' tag to 'Garbage - Not Your Kind of People.m4a' as it's not a positive integer
writeCommonTags: couldn't write 'track' tag to 'Garbage - Not Your Kind of People.m4a' as it's not a positive integer
writeCommonTags: couldn't write 'year' tag to 'Gökçe Özgül - Mihriban.m4a' as it's not a positive integer
writeCommonTags: couldn't write 'track' tag to 'Gökçe Özgül - Mihriban.m4a' as it's not a positive integer
writeCommonTags: couldn't write 'year' tag to 'Green Day - American Idiot lyrics [1080p].m4a' as it's not a positive integer
writeCommonTags: couldn't write 'track' tag to 'Green Day - American Idiot lyrics [1080p].m4a' as it's not a positive integer
writeCommonTags: couldn't write 'year' tag to 'I'm Yours  - Jason Mraz (Lyrics included).m4a' as it's not a positive integer
writeCommonTags: couldn't write 'track' tag to 'I'm Yours  - Jason Mraz (Lyrics included).m4a' as it's not a positive integer
writeCommonTags: couldn't write 'year' tag to 'Jar of Hearts -  Christina Perri (Lyrics).m4a' as it's not a positive integer
writeCommonTags: couldn't write 'track' tag to 'Jar of Hearts -  Christina Perri (Lyrics).m4a' as it's not a positive integer
writeCommonTags: couldn't write 'year' tag to 'Joan Baez - Here's to you, Nicola and Bart.m4a' as it's not a positive integer
writeCommonTags: couldn't write 'track' tag to 'Joan Baez - Here's to you, Nicola and Bart.m4a' as it's not a positive integer
writeCommonTags: couldn't write 'year' tag to 'Joan Baez ~ Donna, Donna.m4a' as it's not a positive integer
writeCommonTags: couldn't write 'track' tag to 'Joan Baez ~ Donna, Donna.m4a' as it's not a positive integer
writeCommonTags: couldn't write 'year' tag to 'Lake of Tears - Forever Autumn.m4a' as it's not a positive integer
writeCommonTags: couldn't write 'track' tag to 'Lake of Tears - Forever Autumn.m4a' as it's not a positive integer
writeCommonTags: couldn't write 'year' tag to 'Lana Del Rey - 13 Beaches.m4a' as it's not a positive integer
writeCommonTags: couldn't write 'track' tag to 'Lana Del Rey - 13 Beaches.m4a' as it's not a positive integer
writeCommonTags: couldn't write 'year' tag to 'Lana Del Rey - Mariners Apartment Complex.m4a' as it's not a positive integer
writeCommonTags: couldn't write 'track' tag to 'Lana Del Rey - Mariners Apartment Complex.m4a' as it's not a positive integer
writeCommonTags: couldn't write 'year' tag to 'LSD - Thunderclouds (Official Audio) ft. Sia, Diplo, Labrinth.m4a' as it's not a positive integer
writeCommonTags: couldn't write 'track' tag to 'LSD - Thunderclouds (Official Audio) ft. Sia, Diplo, Labrinth.m4a' as it's not a positive integer
writeCommonTags: couldn't write 'year' tag to 'Maroon 5 - She Will Be Loved.m4a' as it's not a positive integer
writeCommonTags: couldn't write 'track' tag to 'Maroon 5 - She Will Be Loved.m4a' as it's not a positive integer
writeCommonTags: couldn't write 'year' tag to 'Metallica - Astronomy - kgqDtU8BXf0.m4a' as it's not a positive integer
writeCommonTags: couldn't write 'track' tag to 'Metallica - Astronomy - kgqDtU8BXf0.m4a' as it's not a positive integer
writeCommonTags: couldn't write 'year' tag to 'Midlake - Acts Of Man.m4a' as it's not a positive integer
writeCommonTags: couldn't write 'track' tag to 'Midlake - Acts Of Man.m4a' as it's not a positive integer
writeCommonTags: couldn't write 'year' tag to 'Midlake - Core Of Nature-K60mW-Ajm5Y.m4a' as it's not a positive integer
writeCommonTags: couldn't write 'track' tag to 'Midlake - Core Of Nature-K60mW-Ajm5Y.m4a' as it's not a positive integer
writeCommonTags: couldn't write 'year' tag to 'Midlake - Small Mountain.m4a' as it's not a positive integer
writeCommonTags: couldn't write 'track' tag to 'Midlake - Small Mountain.m4a' as it's not a positive integer
writeCommonTags: couldn't write 'year' tag to 'Midlake - Winter Dies.m4a' as it's not a positive integer
writeCommonTags: couldn't write 'track' tag to 'Midlake - Winter Dies.m4a' as it's not a positive integer
writeCommonTags: couldn't write 'year' tag to 'One of These Nights - Eagles.m4a' as it's not a positive integer
writeCommonTags: couldn't write 'track' tag to 'One of These Nights - Eagles.m4a' as it's not a positive integer
writeCommonTags: couldn't write 'year' tag to 'Onur Can Özcan - Kibrit.m4a' as it's not a positive integer
writeCommonTags: couldn't write 'track' tag to 'Onur Can Özcan - Kibrit.m4a' as it's not a positive integer
writeCommonTags: couldn't write 'year' tag to 'Pera - Vazgeçtim (Sezen Aksu Cover).m4a' as it's not a positive integer
writeCommonTags: couldn't write 'track' tag to 'Pera - Vazgeçtim (Sezen Aksu Cover).m4a' as it's not a positive integer
writeCommonTags: couldn't write 'year' tag to 'Pera feat. Toygar Işıklı - Unut (Official Video).m4a' as it's not a positive integer
writeCommonTags: couldn't write 'track' tag to 'Pera feat. Toygar Işıklı - Unut (Official Video).m4a' as it's not a positive integer
writeCommonTags: couldn't write 'year' tag to 'Snake Eater (Live at Symphony Hall).m4a' as it's not a positive integer
writeCommonTags: couldn't write 'track' tag to 'Snake Eater (Live at Symphony Hall).m4a' as it's not a positive integer
writeCommonTags: couldn't write 'year' tag to 'Soundgarden - Black Hole Sun.m4a' as it's not a positive integer
writeCommonTags: couldn't write 'track' tag to 'Soundgarden - Black Hole Sun.m4a' as it's not a positive integer
writeCommonTags: couldn't write 'year' tag to 'The Hobbit - The Battle Of The Five Armies - Billy Boyd - The Last Goodbye - Official Music Video.m4a' as it's not a positive integer
writeCommonTags: couldn't write 'track' tag to 'The Hobbit - The Battle Of The Five Armies - Billy Boyd - The Last Goodbye - Official Music Video.m4a' as it's not a positive integer
writeCommonTags: couldn't write 'year' tag to 'The Rolling Stones - Paint It, Black (Official Lyric Video).m4a' as it's not a positive integer
writeCommonTags: couldn't write 'track' tag to 'The Rolling Stones - Paint It, Black (Official Lyric Video).m4a' as it's not a positive integer
writeCommonTags: couldn't write 'year' tag to 'Zager and Evans - In The Year 2525.m4a' as it's not a positive integer
writeCommonTags: couldn't write 'track' tag to 'Zager and Evans - In The Year 2525.m4a' as it's not a positive integer
writeCommonTags: couldn't write 'year' tag to '이글스 (Eagles) - Desperado.m4a' as it's not a positive integer
writeCommonTags: couldn't write 'track' tag to '이글스 (Eagles) - Desperado.m4a' as it's not a positive integer
writeCommonTags: couldn't write 'year' tag to 'Jose Feliciano _ The Gypsy Live on Sesame Street.m4a' as it's not a positive integer
writeCommonTags: couldn't write 'track' tag to 'Jose Feliciano _ The Gypsy Live on Sesame Street.m4a' as it's not a positive integer
writeCommonTags: couldn't write 'year' tag to 'Chris Cornell - No Such Thing.m4a' as it's not a positive integer
writeCommonTags: couldn't write 'track' tag to 'Chris Cornell - No Such Thing.m4a' as it's not a positive integer
writeCommonTags: couldn't write 'year' tag to 'OFFICIAL Somewhere over the Rainbow - Israel 'IZ' Kamakawiwoʻole.m4a' as it's not a positive integer
writeCommonTags: couldn't write 'track' tag to 'OFFICIAL Somewhere over the Rainbow - Israel 'IZ' Kamakawiwoʻole.m4a' as it's not a positive integer
writeCommonTags: couldn't write 'year' tag to 'Sting - Fragile.m4a' as it's not a positive integer
writeCommonTags: couldn't write 'track' tag to 'Sting - Fragile.m4a' as it's not a positive integer
writeCommonTags: couldn't write 'year' tag to 'Take Me Home Country Road   Israel Kamakawiwo'ole.m4a' as it's not a positive integer
writeCommonTags: couldn't write 'track' tag to 'Take Me Home Country Road   Israel Kamakawiwo'ole.m4a' as it's not a positive integer
writeCommonTags: couldn't write 'year' tag to 'OFFICIAL  Israel 'IZ' Kamakawiwoʻole - 'What A Wonderful World' Video.m4a' as it's not a positive integer
writeCommonTags: couldn't write 'track' tag to 'OFFICIAL  Israel 'IZ' Kamakawiwoʻole - 'What A Wonderful World' Video.m4a' as it's not a positive integer
writeCommonTags: couldn't write 'year' tag to 'Apocalyptica - Bittersweet.m4a' as it's not a positive integer
writeCommonTags: couldn't write 'track' tag to 'Apocalyptica - Bittersweet.m4a' as it's not a positive integer
writeCommonTags: couldn't write 'year' tag to 'Apocalyptica - Farewell.m4a' as it's not a positive integer
writeCommonTags: couldn't write 'track' tag to 'Apocalyptica - Farewell.m4a' as it's not a positive integer
writeCommonTags: couldn't write 'year' tag to 'Apocalyptica - Sacra.m4a' as it's not a positive integer
writeCommonTags: couldn't write 'track' tag to 'Apocalyptica - Sacra.m4a' as it's not a positive integer
writeCommonTags: couldn't write 'year' tag to 'Apocalyptica perform 'Path' in-studio  NP Music.m4a' as it's not a positive integer
writeCommonTags: couldn't write 'track' tag to 'Apocalyptica perform 'Path' in-studio  NP Music.m4a' as it's not a positive integer
writeCommonTags: couldn't write 'year' tag to '_.m4a' as it's not a positive integer
writeCommonTags: couldn't write 'track' tag to '_.m4a' as it's not a positive integer
writeCommonTags: couldn't write 'year' tag to 'Heaven and Hell - Black Sabbath lyrics idn50Xj_CiY.m4a' as it's not a positive integer
writeCommonTags: couldn't write 'track' tag to 'Heaven and Hell - Black Sabbath lyrics idn50Xj_CiY.m4a' as it's not a positive integer
writeCommonTags: couldn't write 'year' tag to '_.m4a' as it's not a positive integer
writeCommonTags: couldn't write 'track' tag to '_.m4a' as it's not a positive integer
writeCommonTags: couldn't write 'year' tag to 'Ahmet Kaya - Doruklara Sevdalandim.m4a' as it's not a positive integer
writeCommonTags: couldn't write 'track' tag to 'Ahmet Kaya - Doruklara Sevdalandim.m4a' as it's not a positive integer
writeCommonTags: couldn't write 'year' tag to 'Ahmet Kaya - Yakarım Geceleri.m4a' as it's not a positive integer
writeCommonTags: couldn't write 'track' tag to 'Ahmet Kaya - Yakarım Geceleri.m4a' as it's not a positive integer
writeCommonTags: couldn't write 'year' tag to 'Apocalyptica - Bittersweet.m4a' as it's not a positive integer
writeCommonTags: couldn't write 'track' tag to 'Apocalyptica - Bittersweet.m4a' as it's not a positive integer
writeCommonTags: couldn't write 'year' tag to 'Apocalyptica - Farewell.m4a' as it's not a positive integer
writeCommonTags: couldn't write 'track' tag to 'Apocalyptica - Farewell.m4a' as it's not a positive integer
writeCommonTags: couldn't write 'year' tag to 'Apocalyptica - Sacra.m4a' as it's not a positive integer
writeCommonTags: couldn't write 'track' tag to 'Apocalyptica - Sacra.m4a' as it's not a positive integer
writeCommonTags: couldn't write 'year' tag to 'Apocalyptica perform 'Path' in-studio  NP Music.m4a' as it's not a positive integer
writeCommonTags: couldn't write 'track' tag to 'Apocalyptica perform 'Path' in-studio  NP Music.m4a' as it's not a positive integer
writeCommonTags: couldn't write 'year' tag to 'Audioslave - Like a Stone (Official Video).m4a' as it's not a positive integer
writeCommonTags: couldn't write 'track' tag to 'Audioslave - Like a Stone (Official Video).m4a' as it's not a positive integer
writeCommonTags: couldn't write 'year' tag to 'Barış Manço - Lady Of The Seventh Sky (16_9 Orijinal Klip).m4a' as it's not a positive integer
writeCommonTags: couldn't write 'track' tag to 'Barış Manço - Lady Of The Seventh Sky (16_9 Orijinal Klip).m4a' as it's not a positive integer
writeCommonTags: couldn't write 'year' tag to 'Bobby Caldwell - What You Won't Do for Love (Album Version).m4a' as it's not a positive integer
writeCommonTags: couldn't write 'track' tag to 'Bobby Caldwell - What You Won't Do for Love (Album Version).m4a' as it's not a positive integer
writeCommonTags: couldn't write 'year' tag to 'Cat Stevens - Lady D'Arbanville.m4a' as it's not a positive integer
writeCommonTags: couldn't write 'track' tag to 'Cat Stevens - Lady D'Arbanville.m4a' as it's not a positive integer
writeCommonTags: couldn't write 'year' tag to 'Chris Cornell - No Such Thing.m4a' as it's not a positive integer
writeCommonTags: couldn't write 'track' tag to 'Chris Cornell - No Such Thing.m4a' as it's not a positive integer
writeCommonTags: couldn't write 'year' tag to 'Chris Cornell - Scream (Acoustic).m4a' as it's not a positive integer
writeCommonTags: couldn't write 'track' tag to 'Chris Cornell - Scream (Acoustic).m4a' as it's not a positive integer
writeCommonTags: couldn't write 'year' tag to 'Chris Cornell - The Promise (Official Video).m4a' as it's not a positive integer
writeCommonTags: couldn't write 'track' tag to 'Chris Cornell - The Promise (Official Video).m4a' as it's not a positive integer
writeCommonTags: couldn't write 'year' tag to 'Chris Cornell 'Nothing Compares 2 U' Prince Cover Live @ SiriusXM _ Lithium.m4a' as it's not a positive integer
writeCommonTags: couldn't write 'track' tag to 'Chris Cornell 'Nothing Compares 2 U' Prince Cover Live @ SiriusXM _ Lithium.m4a' as it's not a positive integer
writeCommonTags: couldn't write 'year' tag to 'Colonel Bagshot - Lord High Human Being.m4a' as it's not a positive integer
writeCommonTags: couldn't write 'track' tag to 'Colonel Bagshot - Lord High Human Being.m4a' as it's not a positive integer
writeCommonTags: couldn't write 'year' tag to 'Colonel Bagshot ~ Six Day War (1971).m4a' as it's not a positive integer
writeCommonTags: couldn't write 'track' tag to 'Colonel Bagshot ~ Six Day War (1971).m4a' as it's not a positive integer
writeCommonTags: couldn't write 'year' tag to 'David Bowie - Space Oddity.m4a' as it's not a positive integer
writeCommonTags: couldn't write 'track' tag to 'David Bowie - Space Oddity.m4a' as it's not a positive integer
writeCommonTags: couldn't write 'year' tag to 'David Bowie - Starman.m4a' as it's not a positive integer
writeCommonTags: couldn't write 'track' tag to 'David Bowie - Starman.m4a' as it's not a positive integer
writeCommonTags: couldn't write 'year' tag to 'David Bowie – Life On Mars (Official Video).m4a' as it's not a positive integer
writeCommonTags: couldn't write 'track' tag to 'David Bowie – Life On Mars (Official Video).m4a' as it's not a positive integer
writeCommonTags: couldn't write 'year' tag to 'Doğukan Manço feat. Emre Altuğ - Söyle Zalim Sultan.m4a' as it's not a positive integer
writeCommonTags: couldn't write 'track' tag to 'Doğukan Manço feat. Emre Altuğ - Söyle Zalim Sultan.m4a' as it's not a positive integer
writeCommonTags: couldn't write 'year' tag to 'Eagles - Hotel California (Lyrics).m4a' as it's not a positive integer
writeCommonTags: couldn't write 'track' tag to 'Eagles - Hotel California (Lyrics).m4a' as it's not a positive integer
writeCommonTags: couldn't write 'year' tag to 'Elif Dedim (Elif Türküsü).m4a' as it's not a positive integer
writeCommonTags: couldn't write 'track' tag to 'Elif Dedim (Elif Türküsü).m4a' as it's not a positive integer
writeCommonTags: couldn't write 'year' tag to 'Eminem - Space Bound [HQ + Lyrics].m4a' as it's not a positive integer
writeCommonTags: couldn't write 'track' tag to 'Eminem - Space Bound [HQ + Lyrics].m4a' as it's not a positive integer
writeCommonTags: couldn't write 'year' tag to 'Eypio feat. Burak King - #Sen (Official Audio).m4a' as it's not a positive integer
writeCommonTags: couldn't write 'track' tag to 'Eypio feat. Burak King - #Sen (Official Audio).m4a' as it's not a positive integer
writeCommonTags: couldn't write 'year' tag to 'Ezhel - Felaket (Official Audio).m4a' as it's not a positive integer
writeCommonTags: couldn't write 'track' tag to 'Ezhel - Felaket (Official Audio).m4a' as it's not a positive integer
writeCommonTags: couldn't write 'year' tag to 'Garbage - Not Your Kind of People.m4a' as it's not a positive integer
writeCommonTags: couldn't write 'track' tag to 'Garbage - Not Your Kind of People.m4a' as it's not a positive integer
writeCommonTags: couldn't write 'year' tag to 'Gökçe Özgül - Mihriban.m4a' as it's not a positive integer
writeCommonTags: couldn't write 'track' tag to 'Gökçe Özgül - Mihriban.m4a' as it's not a positive integer
writeCommonTags: couldn't write 'year' tag to 'Green Day - American Idiot lyrics [1080p].m4a' as it's not a positive integer
writeCommonTags: couldn't write 'track' tag to 'Green Day - American Idiot lyrics [1080p].m4a' as it's not a positive integer
writeCommonTags: couldn't write 'year' tag to 'Heaven and Hell - Black Sabbath lyrics idn50Xj_CiY.m4a' as it's not a positive integer
writeCommonTags: couldn't write 'track' tag to 'Heaven and Hell - Black Sabbath lyrics idn50Xj_CiY.m4a' as it's not a positive integer
writeCommonTags: couldn't write 'year' tag to 'I'm Yours  - Jason Mraz (Lyrics included).m4a' as it's not a positive integer
writeCommonTags: couldn't write 'track' tag to 'I'm Yours  - Jason Mraz (Lyrics included).m4a' as it's not a positive integer
writeCommonTags: couldn't write 'year' tag to 'Jar of Hearts -  Christina Perri (Lyrics).m4a' as it's not a positive integer
writeCommonTags: couldn't write 'track' tag to 'Jar of Hearts -  Christina Perri (Lyrics).m4a' as it's not a positive integer
writeCommonTags: couldn't write 'year' tag to 'Joan Baez - Here's to you, Nicola and Bart.m4a' as it's not a positive integer
writeCommonTags: couldn't write 'track' tag to 'Joan Baez - Here's to you, Nicola and Bart.m4a' as it's not a positive integer
writeCommonTags: couldn't write 'year' tag to 'Joan Baez ~ Donna, Donna.m4a' as it's not a positive integer
writeCommonTags: couldn't write 'track' tag to 'Joan Baez ~ Donna, Donna.m4a' as it's not a positive integer
writeCommonTags: couldn't write 'year' tag to 'Jose Feliciano _ The Gypsy Live on Sesame Street.m4a' as it's not a positive integer
writeCommonTags: couldn't write 'track' tag to 'Jose Feliciano _ The Gypsy Live on Sesame Street.m4a' as it's not a positive integer
writeCommonTags: couldn't write 'year' tag to 'Lake of Tears - Forever Autumn.m4a' as it's not a positive integer
writeCommonTags: couldn't write 'track' tag to 'Lake of Tears - Forever Autumn.m4a' as it's not a positive integer
writeCommonTags: couldn't write 'year' tag to 'Lana Del Rey - 13 Beaches.m4a' as it's not a positive integer
writeCommonTags: couldn't write 'track' tag to 'Lana Del Rey - 13 Beaches.m4a' as it's not a positive integer
writeCommonTags: couldn't write 'year' tag to 'Lana Del Rey - Mariners Apartment Complex.m4a' as it's not a positive integer
writeCommonTags: couldn't write 'track' tag to 'Lana Del Rey - Mariners Apartment Complex.m4a' as it's not a positive integer
writeCommonTags: couldn't write 'year' tag to 'LSD - Thunderclouds (Official Audio) ft. Sia, Diplo, Labrinth.m4a' as it's not a positive integer
writeCommonTags: couldn't write 'track' tag to 'LSD - Thunderclouds (Official Audio) ft. Sia, Diplo, Labrinth.m4a' as it's not a positive integer
writeCommonTags: couldn't write 'year' tag to 'Maroon 5 - She Will Be Loved.m4a' as it's not a positive integer
writeCommonTags: couldn't write 'track' tag to 'Maroon 5 - She Will Be Loved.m4a' as it's not a positive integer
writeCommonTags: couldn't write 'year' tag to 'Metallica - Astronomy - kgqDtU8BXf0.m4a' as it's not a positive integer
writeCommonTags: couldn't write 'track' tag to 'Metallica - Astronomy - kgqDtU8BXf0.m4a' as it's not a positive integer
writeCommonTags: couldn't write 'year' tag to 'Midlake - Acts Of Man.m4a' as it's not a positive integer
writeCommonTags: couldn't write 'track' tag to 'Midlake - Acts Of Man.m4a' as it's not a positive integer
writeCommonTags: couldn't write 'year' tag to 'Midlake - Core Of Nature-K60mW-Ajm5Y.m4a' as it's not a positive integer
writeCommonTags: couldn't write 'track' tag to 'Midlake - Core Of Nature-K60mW-Ajm5Y.m4a' as it's not a positive integer
writeCommonTags: couldn't write 'year' tag to 'Midlake - Head Home (album version) 6dQMHBy3NvQ.m4a' as it's not a positive integer
writeCommonTags: couldn't write 'track' tag to 'Midlake - Head Home (album version) 6dQMHBy3NvQ.m4a' as it's not a positive integer
writeCommonTags: couldn't write 'year' tag to 'Midlake - Roscoe Jkqn0d2sAsw.m4a' as it's not a positive integer
writeCommonTags: couldn't write 'track' tag to 'Midlake - Roscoe Jkqn0d2sAsw.m4a' as it's not a positive integer
writeCommonTags: couldn't write 'year' tag to 'Midlake - Simple ThTuahUIDPU.m4a' as it's not a positive integer
writeCommonTags: couldn't write 'track' tag to 'Midlake - Simple ThTuahUIDPU.m4a' as it's not a positive integer
writeCommonTags: couldn't write 'year' tag to 'Midlake - Small Mountain.m4a' as it's not a positive integer
writeCommonTags: couldn't write 'track' tag to 'Midlake - Small Mountain.m4a' as it's not a positive integer
writeCommonTags: couldn't write 'year' tag to 'Midlake - The Old _ The Young 3k-pMMW01yw.m4a' as it's not a positive integer
writeCommonTags: couldn't write 'track' tag to 'Midlake - The Old _ The Young 3k-pMMW01yw.m4a' as it's not a positive integer
writeCommonTags: couldn't write 'year' tag to 'Midlake - Winter Dies.m4a' as it's not a positive integer
writeCommonTags: couldn't write 'track' tag to 'Midlake - Winter Dies.m4a' as it's not a positive integer
writeCommonTags: couldn't write 'year' tag to 'Midlake - Young Bride pptsiGbfHQA.m4a' as it's not a positive integer
writeCommonTags: couldn't write 'track' tag to 'Midlake - Young Bride pptsiGbfHQA.m4a' as it's not a positive integer
writeCommonTags: couldn't write 'year' tag to 'OFFICIAL  Israel 'IZ' Kamakawiwoʻole - 'What A Wonderful World' Video.m4a' as it's not a positive integer
writeCommonTags: couldn't write 'track' tag to 'OFFICIAL  Israel 'IZ' Kamakawiwoʻole - 'What A Wonderful World' Video.m4a' as it's not a positive integer
writeCommonTags: couldn't write 'year' tag to 'OFFICIAL Somewhere over the Rainbow - Israel 'IZ' Kamakawiwoʻole.m4a' as it's not a positive integer
writeCommonTags: couldn't write 'track' tag to 'OFFICIAL Somewhere over the Rainbow - Israel 'IZ' Kamakawiwoʻole.m4a' as it's not a positive integer
writeCommonTags: couldn't write 'year' tag to 'One of These Nights - Eagles.m4a' as it's not a positive integer
writeCommonTags: couldn't write 'track' tag to 'One of These Nights - Eagles.m4a' as it's not a positive integer
writeCommonTags: couldn't write 'year' tag to 'Onur Can Özcan - Kibrit.m4a' as it's not a positive integer
writeCommonTags: couldn't write 'track' tag to 'Onur Can Özcan - Kibrit.m4a' as it's not a positive integer
writeCommonTags: couldn't write 'year' tag to 'Pera - Vazgeçtim (Sezen Aksu Cover).m4a' as it's not a positive integer
writeCommonTags: couldn't write 'track' tag to 'Pera - Vazgeçtim (Sezen Aksu Cover).m4a' as it's not a positive integer
writeCommonTags: couldn't write 'year' tag to 'Pera feat. Toygar Işıklı - Unut (Official Video).m4a' as it's not a positive integer
writeCommonTags: couldn't write 'track' tag to 'Pera feat. Toygar Işıklı - Unut (Official Video).m4a' as it's not a positive integer
writeCommonTags: couldn't write 'year' tag to 'Snake Eater (Live at Symphony Hall).m4a' as it's not a positive integer
writeCommonTags: couldn't write 'track' tag to 'Snake Eater (Live at Symphony Hall).m4a' as it's not a positive integer
writeCommonTags: couldn't write 'year' tag to 'Soundgarden - Black Hole Sun.m4a' as it's not a positive integer
writeCommonTags: couldn't write 'track' tag to 'Soundgarden - Black Hole Sun.m4a' as it's not a positive integer
writeCommonTags: couldn't write 'year' tag to 'Sting - Fragile.m4a' as it's not a positive integer
writeCommonTags: couldn't write 'track' tag to 'Sting - Fragile.m4a' as it's not a positive integer
writeCommonTags: couldn't write 'year' tag to 'Take Me Home Country Road   Israel Kamakawiwo'ole.m4a' as it's not a positive integer
writeCommonTags: couldn't write 'track' tag to 'Take Me Home Country Road   Israel Kamakawiwo'ole.m4a' as it's not a positive integer
writeCommonTags: couldn't write 'year' tag to 'The Hobbit - The Battle Of The Five Armies - Billy Boyd - The Last Goodbye - Official Music Video.m4a' as it's not a positive integer
writeCommonTags: couldn't write 'track' tag to 'The Hobbit - The Battle Of The Five Armies - Billy Boyd - The Last Goodbye - Official Music Video.m4a' as it's not a positive integer
writeCommonTags: couldn't write 'year' tag to 'The Rolling Stones - Paint It, Black (Official Lyric Video).m4a' as it's not a positive integer
writeCommonTags: couldn't write 'track' tag to 'The Rolling Stones - Paint It, Black (Official Lyric Video).m4a' as it's not a positive integer
writeCommonTags: couldn't write 'year' tag to 'Zager and Evans - In The Year 2525.m4a' as it's not a positive integer
writeCommonTags: couldn't write 'track' tag to 'Zager and Evans - In The Year 2525.m4a' as it's not a positive integer
writeCommonTags: couldn't write 'year' tag to '이글스 (Eagles) - Desperado.m4a' as it's not a positive integer
writeCommonTags: couldn't write 'track' tag to '이글스 (Eagles) - Desperado.m4a' as it's not a positive integer
writeCommonTags: couldn't write 'year' tag to '_.m4a' as it's not a positive integer
writeCommonTags: couldn't write 'track' tag to '_.m4a' as it's not a positive integer
writeCommonTags: couldn't write 'year' tag to 'Midlake - The Old _ The Young 3k-pMMW01yw.m4a' as it's not a positive integer
writeCommonTags: couldn't write 'track' tag to 'Midlake - The Old _ The Young 3k-pMMW01yw.m4a' as it's not a positive integer
writeCommonTags: couldn't write 'year' tag to 'Midlake - The Old _ The Young 3k-pMMW01yw.m4a' as it's not a positive integer
writeCommonTags: couldn't write 'track' tag to 'Midlake - The Old _ The Young 3k-pMMW01yw.m4a' as it's not a positive integer
writeCommonTags: couldn't write 'year' tag to 'King_Crimson_-_Epitaph.m4a' as it's not a positive integer
writeCommonTags: couldn't write 'track' tag to 'King_Crimson_-_Epitaph.m4a' as it's not a positive integer
writeCommonTags: couldn't write 'year' tag to 'King_Crimson_-_In_The_Court_Of_The_Crimson_King.m4a' as it's not a positive integer
writeCommonTags: couldn't write 'track' tag to 'King_Crimson_-_In_The_Court_Of_The_Crimson_King.m4a' as it's not a positive integer
